# JRE version: Java(TM) SE Runtime Environment (8.0-b132) (build 1.8.0-b132)
# Java VM: Java HotSpot(TM) 64-Bit Server VM (25.0-b70 mixed mode windows-amd64 compressed oops)
Heap:
 PSYoungGen      total 168960K, used 123904K [0x00000000eab00000, 0x00000000f8680000, 0x0000000100000000)
  eden space 123904K, 100% used [0x00000000eab00000,0x00000000f2400000,0x00000000f2400000)
  from space 45056K, 0% used [0x00000000f2400000,0x00000000f2400000,0x00000000f5000000)
  to   space 48640K, 0% used [0x00000000f5700000,0x00000000f5700000,0x00000000f8680000)
 ParOldGen       total 102912K, used 100193K [0x00000000c0000000, 0x00000000c6480000, 0x00000000eab00000)
  object space 102912K, 97% used [0x00000000c0000000,0x00000000c61d8530,0x00000000c6480000)
 Metaspace       used 92924K, capacity 97774K, committed 98432K, reserved 1132544K
  class space    used 12769K, capacity 14505K, committed 14720K, reserved 1048576K
GC Heap History (10 events):
Event: 2074.880 GC heap after
Heap after GC invocations=69 (full 11):
 PSYoungGen      total 163328K, used 16697K [0x00000000eab00000, 0x00000000f7580000, 0x0000000100000000)
  eden space 119296K, 0% used [0x00000000eab00000,0x00000000eab00000,0x00000000f1f80000)
  from space 44032K, 37% used [0x00000000f4a80000,0x00000000f5ace6d0,0x00000000f7580000)
  to   space 44032K, 0% used [0x00000000f1f80000,0x00000000f1f80000,0x00000000f4a80000)
 ParOldGen       total 102912K, used 80659K [0x00000000c0000000, 0x00000000c6480000, 0x00000000eab00000)
  object space 102912K, 78% used [0x00000000c0000000,0x00000000c4ec4ff8,0x00000000c6480000)
 Metaspace       used 82671K, capacity 86732K, committed 87424K, reserved 1124352K
  class space    used 11265K, capacity 12740K, committed 12928K, reserved 1048576K
}
Event: 2780.094 GC heap before
{Heap before GC invocations=70 (full 11):
 PSYoungGen      total 163328K, used 135775K [0x00000000eab00000, 0x00000000f7580000, 0x0000000100000000)
  eden space 119296K, 99% used [0x00000000eab00000,0x00000000f1f49628,0x00000000f1f80000)
  from space 44032K, 37% used [0x00000000f4a80000,0x00000000f5ace6d0,0x00000000f7580000)
  to   space 44032K, 0% used [0x00000000f1f80000,0x00000000f1f80000,0x00000000f4a80000)
 ParOldGen       total 102912K, used 80659K [0x00000000c0000000, 0x00000000c6480000, 0x00000000eab00000)
  object space 102912K, 78% used [0x00000000c0000000,0x00000000c4ec4ff8,0x00000000c6480000)
 Metaspace       used 84783K, capacity 89356K, committed 89728K, reserved 1126400K
  class space    used 11632K, capacity 13310K, committed 13440K, reserved 1048576K
Event: 2780.277 GC heap after
Heap after GC invocations=70 (full 11):
 PSYoungGen      total 163328K, used 19452K [0x00000000eab00000, 0x00000000f7880000, 0x0000000100000000)
  eden space 119296K, 0% used [0x00000000eab00000,0x00000000eab00000,0x00000000f1f80000)
  from space 44032K, 44% used [0x00000000f1f80000,0x00000000f327f348,0x00000000f4a80000)
  to   space 41472K, 0% used [0x00000000f5000000,0x00000000f5000000,0x00000000f7880000)
 ParOldGen       total 102912K, used 80667K [0x00000000c0000000, 0x00000000c6480000, 0x00000000eab00000)
  object space 102912K, 78% used [0x00000000c0000000,0x00000000c4ec6ff8,0x00000000c6480000)
 Metaspace       used 84783K, capacity 89356K, committed 89728K, reserved 1126400K
  class space    used 11632K, capacity 13310K, committed 13440K, reserved 1048576K
}
Event: 2784.323 GC heap before
{Heap before GC invocations=71 (full 11):
 PSYoungGen      total 163328K, used 138748K [0x00000000eab00000, 0x00000000f7880000, 0x0000000100000000)
  eden space 119296K, 100% used [0x00000000eab00000,0x00000000f1f80000,0x00000000f1f80000)
  from space 44032K, 44% used [0x00000000f1f80000,0x00000000f327f348,0x00000000f4a80000)
  to   space 41472K, 0% used [0x00000000f5000000,0x00000000f5000000,0x00000000f7880000)
 ParOldGen       total 102912K, used 80667K [0x00000000c0000000, 0x00000000c6480000, 0x00000000eab00000)
  object space 102912K, 78% used [0x00000000c0000000,0x00000000c4ec6ff8,0x00000000c6480000)
 Metaspace       used 91157K, capacity 96150K, committed 96384K, reserved 1130496K
  class space    used 12550K, capacity 14349K, committed 14464K, reserved 1048576K
Event: 2784.457 GC heap after
Heap after GC invocations=71 (full 11):
 PSYoungGen      total 165376K, used 35545K [0x00000000eab00000, 0x00000000f7f80000, 0x0000000100000000)
  eden space 123904K, 0% used [0x00000000eab00000,0x00000000eab00000,0x00000000f2400000)
  from space 41472K, 85% used [0x00000000f5000000,0x00000000f72b66b0,0x00000000f7880000)
  to   space 45056K, 0% used [0x00000000f2400000,0x00000000f2400000,0x00000000f5000000)
 ParOldGen       total 102912K, used 80667K [0x00000000c0000000, 0x00000000c6480000, 0x00000000eab00000)
  object space 102912K, 78% used [0x00000000c0000000,0x00000000c4ec6ff8,0x00000000c6480000)
 Metaspace       used 91157K, capacity 96150K, committed 96384K, reserved 1130496K
  class space    used 12550K, capacity 14349K, committed 14464K, reserved 1048576K
}
Event: 2808.912 GC heap before
{Heap before GC invocations=72 (full 11):
 PSYoungGen      total 165376K, used 117660K [0x00000000eab00000, 0x00000000f7f80000, 0x0000000100000000)
  eden space 123904K, 66% used [0x00000000eab00000,0x00000000efb30960,0x00000000f2400000)
  from space 41472K, 85% used [0x00000000f5000000,0x00000000f72b66b0,0x00000000f7880000)
  to   space 45056K, 0% used [0x00000000f2400000,0x00000000f2400000,0x00000000f5000000)
 ParOldGen       total 102912K, used 80667K [0x00000000c0000000, 0x00000000c6480000, 0x00000000eab00000)
  object space 102912K, 78% used [0x00000000c0000000,0x00000000c4ec6ff8,0x00000000c6480000)
 Metaspace       used 93121K, capacity 98160K, committed 98432K, reserved 1132544K
  class space    used 12867K, capacity 14680K, committed 14720K, reserved 1048576K
Event: 2809.068 GC heap after
Heap after GC invocations=72 (full 11):
 PSYoungGen      total 168960K, used 37259K [0x00000000eab00000, 0x00000000f8680000, 0x0000000100000000)
  eden space 123904K, 0% used [0x00000000eab00000,0x00000000eab00000,0x00000000f2400000)
  from space 45056K, 82% used [0x00000000f2400000,0x00000000f4862e30,0x00000000f5000000)
  to   space 48640K, 0% used [0x00000000f5700000,0x00000000f5700000,0x00000000f8680000)
 ParOldGen       total 102912K, used 80675K [0x00000000c0000000, 0x00000000c6480000, 0x00000000eab00000)
  object space 102912K, 78% used [0x00000000c0000000,0x00000000c4ec8ff8,0x00000000c6480000)
 Metaspace       used 93121K, capacity 98160K, committed 98432K, reserved 1132544K
  class space    used 12867K, capacity 14680K, committed 14720K, reserved 1048576K
}
Event: 2809.069 GC heap before
{Heap before GC invocations=73 (full 12):
 PSYoungGen      total 168960K, used 37259K [0x00000000eab00000, 0x00000000f8680000, 0x0000000100000000)
  eden space 123904K, 0% used [0x00000000eab00000,0x00000000eab00000,0x00000000f2400000)
  from space 45056K, 82% used [0x00000000f2400000,0x00000000f4862e30,0x00000000f5000000)
  to   space 48640K, 0% used [0x00000000f5700000,0x00000000f5700000,0x00000000f8680000)
 ParOldGen       total 102912K, used 80675K [0x00000000c0000000, 0x00000000c6480000, 0x00000000eab00000)
  object space 102912K, 78% used [0x00000000c0000000,0x00000000c4ec8ff8,0x00000000c6480000)
 Metaspace       used 93121K, capacity 98160K, committed 98432K, reserved 1132544K
  class space    used 12867K, capacity 14680K, committed 14720K, reserved 1048576K
Event: 2810.775 GC heap after
Heap after GC invocations=73 (full 12):
 PSYoungGen      total 168960K, used 0K [0x00000000eab00000, 0x00000000f8680000, 0x0000000100000000)
  eden space 123904K, 0% used [0x00000000eab00000,0x00000000eab00000,0x00000000f2400000)
  from space 45056K, 0% used [0x00000000f2400000,0x00000000f2400000,0x00000000f5000000)
  to   space 48640K, 0% used [0x00000000f5700000,0x00000000f5700000,0x00000000f8680000)
 ParOldGen       total 102912K, used 100193K [0x00000000c0000000, 0x00000000c6480000, 0x00000000eab00000)
  object space 102912K, 97% used [0x00000000c0000000,0x00000000c61d8530,0x00000000c6480000)
 Metaspace       used 92809K, capacity 97452K, committed 98432K, reserved 1132544K
  class space    used 12753K, capacity 14432K, committed 14720K, reserved 1048576K
}
Event: 3068.859 GC heap before
{Heap before GC invocations=74 (full 13):
 PSYoungGen      total 168960K, used 123904K [0x00000000eab00000, 0x00000000f8680000, 0x0000000100000000)
  eden space 123904K, 100% used [0x00000000eab00000,0x00000000f2400000,0x00000000f2400000)
  from space 45056K, 0% used [0x00000000f2400000,0x00000000f2400000,0x00000000f5000000)
  to   space 48640K, 0% used [0x00000000f5700000,0x00000000f5700000,0x00000000f8680000)
 ParOldGen       total 102912K, used 100193K [0x00000000c0000000, 0x00000000c6480000, 0x00000000eab00000)
  object space 102912K, 97% used [0x00000000c0000000,0x00000000c61d8530,0x00000000c6480000)
 Metaspace       used 92924K, capacity 97774K, committed 98432K, reserved 1132544K
  class space    used 12769K, capacity 14505K, committed 14720K, reserved 1048576K

